{
  "stats": {
    "suites": 1,
    "tests": 2,
    "passes": 2,
    "pending": 0,
    "failures": 0,
    "start": "2023-08-22T17:24:36.517Z",
    "end": "2023-08-22T17:24:40.279Z",
    "duration": 3762,
    "testsRegistered": 2,
    "passPercent": 100,
    "pendingPercent": 0,
    "other": 0,
    "hasOther": false,
    "skipped": 0,
    "hasSkipped": false
  },
  "results": [
    {
      "uuid": "3fb731e1-3d4a-4388-becc-9821b9893b85",
      "title": "",
      "fullFile": "cypress\\e2e\\3-alurapic\\pagina_login.cy.js",
      "file": "cypress\\e2e\\3-alurapic\\pagina_login.cy.js",
      "beforeHooks": [],
      "afterHooks": [],
      "tests": [],
      "suites": [
        {
          "uuid": "0bc0ded2-8092-4212-8170-cf6deac81886",
          "title": "Página de login",
          "fullFile": "",
          "file": "",
          "beforeHooks": [],
          "afterHooks": [],
          "tests": [
            {
              "title": "Verifica mensagens de campos nao preenchidos",
              "fullTitle": "Página de login Verifica mensagens de campos nao preenchidos",
              "timedOut": null,
              "duration": 949,
              "state": "passed",
              "speed": "fast",
              "pass": true,
              "fail": false,
              "pending": false,
              "context": null,
              "code": "//verifica as msg\ncy.contains('ap-vmessage', 'User name is required!').should('be.visible');\ncy.contains('ap-vmessage', 'Password is required!').should('be.visible');",
              "err": {},
              "uuid": "2c717061-8111-429a-ab13-9c6370fd05a6",
              "parentUUID": "0bc0ded2-8092-4212-8170-cf6deac81886",
              "isHook": false,
              "skipped": false
            },
            {
              "title": "Verifica se o login pode ser efetuado",
              "fullTitle": "Página de login Verifica se o login pode ser efetuado",
              "timedOut": null,
              "duration": 1493,
              "state": "passed",
              "speed": "fast",
              "pass": true,
              "fail": false,
              "pending": false,
              "context": null,
              "code": "//verifica as msg\ncy.get('[data-test=\"loginUserName\"]').type('henrique1');\ncy.get('[data-test=\"loginPassword\"]').type('12345678');\ncy.contains('button', 'login').click();\n//verifica se o login foi efetuado procurando o campo logout\ncy.contains('a', '(Logout)').should('be.visible');",
              "err": {},
              "uuid": "45a1ac75-a8d1-4ba1-a420-b1fa1dde71f7",
              "parentUUID": "0bc0ded2-8092-4212-8170-cf6deac81886",
              "isHook": false,
              "skipped": false
            }
          ],
          "suites": [],
          "passes": [
            "2c717061-8111-429a-ab13-9c6370fd05a6",
            "45a1ac75-a8d1-4ba1-a420-b1fa1dde71f7"
          ],
          "failures": [],
          "pending": [],
          "skipped": [],
          "duration": 2442,
          "root": false,
          "rootEmpty": false,
          "_timeout": 2000
        }
      ],
      "passes": [],
      "failures": [],
      "pending": [],
      "skipped": [],
      "duration": 0,
      "root": true,
      "rootEmpty": true,
      "_timeout": 2000
    }
  ],
  "meta": {
    "mocha": {
      "version": "7.0.1"
    },
    "mochawesome": {
      "options": {
        "quiet": false,
        "reportFilename": "mochawesome",
        "saveHtml": true,
        "saveJson": true,
        "consoleReporter": "spec",
        "useInlineDiffs": false,
        "code": true
      },
      "version": "7.1.3"
    },
    "marge": {
      "options": null,
      "version": "6.2.0"
    }
  }
}